# JRE version: Java(TM) SE Runtime Environment (8.0_101-b13) (build 1.8.0_101-b13)
# Java VM: Java HotSpot(TM) 64-Bit Server VM (25.101-b13 mixed mode bsd-amd64 compressed oops)
Heap:
 PSYoungGen      total 226304K, used 34572K [0x0000000795580000, 0x00000007a5680000, 0x00000007c0000000)
  eden space 210944K, 16% used [0x0000000795580000,0x0000000797743058,0x00000007a2380000)
  from space 15360K, 0% used [0x00000007a3400000,0x00000007a3400000,0x00000007a4300000)
  to   space 16896K, 0% used [0x00000007a2380000,0x00000007a2380000,0x00000007a3400000)
 ParOldGen       total 81408K, used 21794K [0x0000000740000000, 0x0000000744f80000, 0x0000000795580000)
  object space 81408K, 26% used [0x0000000740000000,0x0000000741548a10,0x0000000744f80000)
 Metaspace       used 37105K, capacity 38654K, committed 38908K, reserved 1083392K
  class space    used 4992K, capacity 5301K, committed 5376K, reserved 1048576K
GC Heap History (10 events):
Event: 1.618 GC heap before
{Heap before GC invocations=6 (full 1):
 PSYoungGen      total 71680K, used 5007K [0x0000000795580000, 0x000000079e880000, 0x00000007c0000000)
  eden space 66560K, 0% used [0x0000000795580000,0x0000000795580000,0x0000000799680000)
  from space 5120K, 97% used [0x0000000799680000,0x0000000799b63df0,0x0000000799b80000)
  to   space 8704K, 0% used [0x000000079e000000,0x000000079e000000,0x000000079e880000)
 ParOldGen       total 87552K, used 4710K [0x0000000740000000, 0x0000000745580000, 0x0000000795580000)
  object space 87552K, 5% used [0x0000000740000000,0x0000000740499a60,0x0000000745580000)
 Metaspace       used 20903K, capacity 21454K, committed 21628K, reserved 1069056K
  class space    used 2733K, capacity 2883K, committed 2944K, reserved 1048576K
Event: 1.658 GC heap after
Heap after GC invocations=6 (full 1):
 PSYoungGen      total 71680K, used 0K [0x0000000795580000, 0x000000079e880000, 0x00000007c0000000)
  eden space 66560K, 0% used [0x0000000795580000,0x0000000795580000,0x0000000799680000)
  from space 5120K, 0% used [0x0000000799680000,0x0000000799680000,0x0000000799b80000)
  to   space 8704K, 0% used [0x000000079e000000,0x000000079e000000,0x000000079e880000)
 ParOldGen       total 47616K, used 5036K [0x0000000740000000, 0x0000000742e80000, 0x0000000795580000)
  object space 47616K, 10% used [0x0000000740000000,0x00000007404eb068,0x0000000742e80000)
 Metaspace       used 20901K, capacity 21448K, committed 21628K, reserved 1069056K
  class space    used 2733K, capacity 2882K, committed 2944K, reserved 1048576K
}
Event: 2.225 GC heap before
{Heap before GC invocations=7 (full 1):
 PSYoungGen      total 71680K, used 66560K [0x0000000795580000, 0x000000079e880000, 0x00000007c0000000)
  eden space 66560K, 100% used [0x0000000795580000,0x0000000799680000,0x0000000799680000)
  from space 5120K, 0% used [0x0000000799680000,0x0000000799680000,0x0000000799b80000)
  to   space 8704K, 0% used [0x000000079e000000,0x000000079e000000,0x000000079e880000)
 ParOldGen       total 47616K, used 5036K [0x0000000740000000, 0x0000000742e80000, 0x0000000795580000)
  object space 47616K, 10% used [0x0000000740000000,0x00000007404eb068,0x0000000742e80000)
 Metaspace       used 23256K, capacity 24006K, committed 24316K, reserved 1071104K
  class space    used 3093K, capacity 3301K, committed 3328K, reserved 1048576K
Event: 2.235 GC heap after
Heap after GC invocations=7 (full 1):
 PSYoungGen      total 128000K, used 7518K [0x0000000795580000, 0x000000079e780000, 0x00000007c0000000)
  eden space 120320K, 0% used [0x0000000795580000,0x0000000795580000,0x000000079cb00000)
  from space 7680K, 97% used [0x000000079e000000,0x000000079e757ba8,0x000000079e780000)
  to   space 9216K, 0% used [0x000000079d580000,0x000000079d580000,0x000000079de80000)
 ParOldGen       total 47616K, used 5044K [0x0000000740000000, 0x0000000742e80000, 0x0000000795580000)
  object space 47616K, 10% used [0x0000000740000000,0x00000007404ed068,0x0000000742e80000)
 Metaspace       used 23256K, capacity 24006K, committed 24316K, reserved 1071104K
  class space    used 3093K, capacity 3301K, committed 3328K, reserved 1048576K
}
Event: 3.579 GC heap before
{Heap before GC invocations=8 (full 1):
 PSYoungGen      total 128000K, used 127838K [0x0000000795580000, 0x000000079e780000, 0x00000007c0000000)
  eden space 120320K, 100% used [0x0000000795580000,0x000000079cb00000,0x000000079cb00000)
  from space 7680K, 97% used [0x000000079e000000,0x000000079e757ba8,0x000000079e780000)
  to   space 9216K, 0% used [0x000000079d580000,0x000000079d580000,0x000000079de80000)
 ParOldGen       total 47616K, used 5044K [0x0000000740000000, 0x0000000742e80000, 0x0000000795580000)
  object space 47616K, 10% used [0x0000000740000000,0x00000007404ed068,0x0000000742e80000)
 Metaspace       used 31542K, capacity 32922K, committed 33148K, reserved 1077248K
  class space    used 4179K, capacity 4455K, committed 4480K, reserved 1048576K
Event: 3.604 GC heap after
Heap after GC invocations=8 (full 1):
 PSYoungGen      total 140288K, used 9196K [0x0000000795580000, 0x00000007a4300000, 0x00000007c0000000)
  eden space 131072K, 0% used [0x0000000795580000,0x0000000795580000,0x000000079d580000)
  from space 9216K, 99% used [0x000000079d580000,0x000000079de7b050,0x000000079de80000)
  to   space 15360K, 0% used [0x00000007a3400000,0x00000007a3400000,0x00000007a4300000)
 ParOldGen       total 47616K, used 15844K [0x0000000740000000, 0x0000000742e80000, 0x0000000795580000)
  object space 47616K, 33% used [0x0000000740000000,0x0000000740f79220,0x0000000742e80000)
 Metaspace       used 31542K, capacity 32922K, committed 33148K, reserved 1077248K
  class space    used 4179K, capacity 4455K, committed 4480K, reserved 1048576K
}
Event: 4.143 GC heap before
{Heap before GC invocations=9 (full 1):
 PSYoungGen      total 140288K, used 56301K [0x0000000795580000, 0x00000007a4300000, 0x00000007c0000000)
  eden space 131072K, 35% used [0x0000000795580000,0x0000000798380758,0x000000079d580000)
  from space 9216K, 99% used [0x000000079d580000,0x000000079de7b050,0x000000079de80000)
  to   space 15360K, 0% used [0x00000007a3400000,0x00000007a3400000,0x00000007a4300000)
 ParOldGen       total 47616K, used 15844K [0x0000000740000000, 0x0000000742e80000, 0x0000000795580000)
  object space 47616K, 33% used [0x0000000740000000,0x0000000740f79220,0x0000000742e80000)
 Metaspace       used 34516K, capacity 35898K, committed 36048K, reserved 1081344K
  class space    used 4600K, capacity 4867K, committed 4992K, reserved 1048576K
Event: 4.171 GC heap after
Heap after GC invocations=9 (full 1):
 PSYoungGen      total 226304K, used 13227K [0x0000000795580000, 0x00000007a5680000, 0x00000007c0000000)
  eden space 210944K, 0% used [0x0000000795580000,0x0000000795580000,0x00000007a2380000)
  from space 15360K, 86% used [0x00000007a3400000,0x00000007a40eae48,0x00000007a4300000)
  to   space 16896K, 0% used [0x00000007a2380000,0x00000007a2380000,0x00000007a3400000)
 ParOldGen       total 47616K, used 15852K [0x0000000740000000, 0x0000000742e80000, 0x0000000795580000)
  object space 47616K, 33% used [0x0000000740000000,0x0000000740f7b220,0x0000000742e80000)
 Metaspace       used 34516K, capacity 35898K, committed 36048K, reserved 1081344K
  class space    used 4600K, capacity 4867K, committed 4992K, reserved 1048576K
}
Event: 4.171 GC heap before
{Heap before GC invocations=10 (full 2):
 PSYoungGen      total 226304K, used 13227K [0x0000000795580000, 0x00000007a5680000, 0x00000007c0000000)
  eden space 210944K, 0% used [0x0000000795580000,0x0000000795580000,0x00000007a2380000)
  from space 15360K, 86% used [0x00000007a3400000,0x00000007a40eae48,0x00000007a4300000)
  to   space 16896K, 0% used [0x00000007a2380000,0x00000007a2380000,0x00000007a3400000)
 ParOldGen       total 47616K, used 15852K [0x0000000740000000, 0x0000000742e80000, 0x0000000795580000)
  object space 47616K, 33% used [0x0000000740000000,0x0000000740f7b220,0x0000000742e80000)
 Metaspace       used 34516K, capacity 35898K, committed 36048K, reserved 1081344K
  class space    used 4600K, capacity 4867K, committed 4992K, reserved 1048576K
Event: 4.283 GC heap after
Heap after GC invocations=10 (full 2):
 PSYoungGen      total 226304K, used 0K [0x0000000795580000, 0x00000007a5680000, 0x00000007c0000000)
  eden space 210944K, 0% used [0x0000000795580000,0x0000000795580000,0x00000007a2380000)
  from space 15360K, 0% used [0x00000007a3400000,0x00000007a3400000,0x00000007a4300000)
  to   space 16896K, 0% used [0x00000007a2380000,0x00000007a2380000,0x00000007a3400000)
 ParOldGen       total 81408K, used 21794K [0x0000000740000000, 0x0000000744f80000, 0x0000000795580000)
  object space 81408K, 26% used [0x0000000740000000,0x0000000741548a10,0x0000000744f80000)
 Metaspace       used 34516K, capacity 35898K, committed 36048K, reserved 1081344K
  class space    used 4600K, capacity 4867K, committed 4992K, reserved 1048576K
}

